<?xml version="1.0" encoding="UTF-8"?>
<!-- Generated by org.testng.reporters.JUnitReportReporter -->
<testsuite skipped="0" hostname="DELL" name="testScripts.Module2" tests="1" failures="0" timestamp="21 Apr 2019 05:58:07 GMT" time="32.363" errors="0">
  <testcase name="TC201" time="32.363" classname="testScripts.Module2"/>
</testsuite> <!-- testScripts.Module2 -->
